<?xml version="1.0" encoding="UTF-8"?>
<testng-results skipped="0" failed="0" ignored="0" total="2" passed="2">
  <reporter-output>
  </reporter-output>
  <suite name="Suite" duration-ms="773" started-at="2020-05-04T04:06:15Z" finished-at="2020-05-04T04:06:15Z">
    <groups>
      <group name="cucumber">
        <method signature="AbstractTestNGCucumberTests.feature(cucumber.api.testng.CucumberFeatureWrapper)[pri:0, instance:com.suj1.runner@5442a311]" name="feature" class="cucumber.api.testng.AbstractTestNGCucumberTests"/>
      </group> <!-- cucumber -->
    </groups>
    <test name="Test" duration-ms="773" started-at="2020-05-04T04:06:15Z" finished-at="2020-05-04T04:06:15Z">
      <class name="com.suj1.runner">
        <test-method status="PASS" signature="setUpClass()[pri:0, instance:com.suj1.runner@5442a311]" name="setUpClass" is-config="true" duration-ms="352" started-at="2020-05-03T23:06:15Z" finished-at="2020-05-03T23:06:15Z">
          <reporter-output>
          </reporter-output>
        </test-method> <!-- setUpClass -->
        <test-method status="PASS" signature="feature(cucumber.api.testng.CucumberFeatureWrapper)[pri:0, instance:com.suj1.runner@5442a311]" name="feature" duration-ms="182" started-at="2020-05-03T23:06:15Z" description="Runs Cucumber Feature" data-provider="features" finished-at="2020-05-03T23:06:15Z">
          <params>
            <param index="0">
              <value>
                <![CDATA[Free CRM Login Feature]]>
              </value>
            </param>
          </params>
          <reporter-output>
          </reporter-output>
        </test-method> <!-- feature -->
        <test-method status="PASS" signature="feature(cucumber.api.testng.CucumberFeatureWrapper)[pri:0, instance:com.suj1.runner@5442a311]" name="feature" duration-ms="33" started-at="2020-05-03T23:06:15Z" description="Runs Cucumber Feature" data-provider="features" finished-at="2020-05-03T23:06:15Z">
          <params>
            <param index="0">
              <value>
                <![CDATA[logout from the facebook]]>
              </value>
            </param>
          </params>
          <reporter-output>
          </reporter-output>
        </test-method> <!-- feature -->
        <test-method status="PASS" signature="tearDownClass()[pri:0, instance:com.suj1.runner@5442a311]" name="tearDownClass" is-config="true" duration-ms="67" started-at="2020-05-03T23:06:15Z" finished-at="2020-05-03T23:06:15Z">
          <reporter-output>
          </reporter-output>
        </test-method> <!-- tearDownClass -->
      </class> <!-- com.suj1.runner -->
    </test> <!-- Test -->
  </suite> <!-- Suite -->
</testng-results>
